ERROR - 2022-11-12 13:36:15 --> mysqli_sql_exception: Cannot delete or update a parent row: a foreign key constraint fails (`tequila`.`venta`, CONSTRAINT `venta_ibfk_1` FOREIGN KEY (`id_trabajador`) REFERENCES `trabajador` (`id`)) in C:\xampp\htdocs\hugotequila\system\Database\MySQLi\Connection.php:292
Stack trace:
#0 C:\xampp\htdocs\hugotequila\system\Database\MySQLi\Connection.php(292): mysqli->query('DELETE FROM `tr...', 0)
#1 C:\xampp\htdocs\hugotequila\system\Database\BaseConnection.php(666): CodeIgniter\Database\MySQLi\Connection->execute('DELETE FROM `tr...')
#2 C:\xampp\htdocs\hugotequila\system\Database\BaseConnection.php(593): CodeIgniter\Database\BaseConnection->simpleQuery('DELETE FROM `tr...')
#3 C:\xampp\htdocs\hugotequila\system\Database\BaseBuilder.php(2391): CodeIgniter\Database\BaseConnection->query('DELETE FROM `tr...', Array, false)
#4 C:\xampp\htdocs\hugotequila\system\Model.php(401): CodeIgniter\Database\BaseBuilder->delete()
#5 C:\xampp\htdocs\hugotequila\system\BaseModel.php(984): CodeIgniter\Model->doDelete(Array, false)
#6 C:\xampp\htdocs\hugotequila\app\Controllers\API\Trabajador.php(71): CodeIgniter\BaseModel->delete(Array)
#7 C:\xampp\htdocs\hugotequila\system\CodeIgniter.php(927): App\Controllers\API\Trabajador->delete('2')
#8 C:\xampp\htdocs\hugotequila\system\CodeIgniter.php(482): CodeIgniter\CodeIgniter->runController(Object(App\Controllers\API\Trabajador))
#9 C:\xampp\htdocs\hugotequila\system\CodeIgniter.php(351): CodeIgniter\CodeIgniter->handleRequest(NULL, Object(Config\Cache), false)
#10 C:\xampp\htdocs\hugotequila\public\index.php(67): CodeIgniter\CodeIgniter->run()
#11 C:\xampp\htdocs\hugotequila\system\Commands\Server\rewrite.php(46): require_once('C:\\xampp\\htdocs...')
#12 {main}
ERROR - 2022-11-12 13:36:37 --> mysqli_sql_exception: Cannot delete or update a parent row: a foreign key constraint fails (`tequila`.`venta`, CONSTRAINT `venta_ibfk_1` FOREIGN KEY (`id_trabajador`) REFERENCES `trabajador` (`id`)) in C:\xampp\htdocs\hugotequila\system\Database\MySQLi\Connection.php:292
Stack trace:
#0 C:\xampp\htdocs\hugotequila\system\Database\MySQLi\Connection.php(292): mysqli->query('DELETE FROM `tr...', 0)
#1 C:\xampp\htdocs\hugotequila\system\Database\BaseConnection.php(666): CodeIgniter\Database\MySQLi\Connection->execute('DELETE FROM `tr...')
#2 C:\xampp\htdocs\hugotequila\system\Database\BaseConnection.php(593): CodeIgniter\Database\BaseConnection->simpleQuery('DELETE FROM `tr...')
#3 C:\xampp\htdocs\hugotequila\system\Database\BaseBuilder.php(2391): CodeIgniter\Database\BaseConnection->query('DELETE FROM `tr...', Array, false)
#4 C:\xampp\htdocs\hugotequila\system\Model.php(401): CodeIgniter\Database\BaseBuilder->delete()
#5 C:\xampp\htdocs\hugotequila\system\BaseModel.php(984): CodeIgniter\Model->doDelete(Array, false)
#6 C:\xampp\htdocs\hugotequila\app\Controllers\API\Trabajador.php(71): CodeIgniter\BaseModel->delete(Array)
#7 C:\xampp\htdocs\hugotequila\system\CodeIgniter.php(927): App\Controllers\API\Trabajador->delete('2')
#8 C:\xampp\htdocs\hugotequila\system\CodeIgniter.php(482): CodeIgniter\CodeIgniter->runController(Object(App\Controllers\API\Trabajador))
#9 C:\xampp\htdocs\hugotequila\system\CodeIgniter.php(351): CodeIgniter\CodeIgniter->handleRequest(NULL, Object(Config\Cache), false)
#10 C:\xampp\htdocs\hugotequila\public\index.php(67): CodeIgniter\CodeIgniter->run()
#11 C:\xampp\htdocs\hugotequila\system\Commands\Server\rewrite.php(46): require_once('C:\\xampp\\htdocs...')
#12 {main}
ERROR - 2022-11-12 13:39:51 --> mysqli_sql_exception: Cannot delete or update a parent row: a foreign key constraint fails (`tequila`.`venta`, CONSTRAINT `venta_ibfk_1` FOREIGN KEY (`id_trabajador`) REFERENCES `trabajador` (`id`)) in C:\xampp\htdocs\hugotequila\system\Database\MySQLi\Connection.php:292
Stack trace:
#0 C:\xampp\htdocs\hugotequila\system\Database\MySQLi\Connection.php(292): mysqli->query('DELETE FROM `tr...', 0)
#1 C:\xampp\htdocs\hugotequila\system\Database\BaseConnection.php(666): CodeIgniter\Database\MySQLi\Connection->execute('DELETE FROM `tr...')
#2 C:\xampp\htdocs\hugotequila\system\Database\BaseConnection.php(593): CodeIgniter\Database\BaseConnection->simpleQuery('DELETE FROM `tr...')
#3 C:\xampp\htdocs\hugotequila\system\Database\BaseBuilder.php(2391): CodeIgniter\Database\BaseConnection->query('DELETE FROM `tr...', Array, false)
#4 C:\xampp\htdocs\hugotequila\system\Model.php(401): CodeIgniter\Database\BaseBuilder->delete()
#5 C:\xampp\htdocs\hugotequila\system\BaseModel.php(984): CodeIgniter\Model->doDelete(Array, false)
#6 C:\xampp\htdocs\hugotequila\app\Controllers\API\Trabajador.php(71): CodeIgniter\BaseModel->delete(Array)
#7 C:\xampp\htdocs\hugotequila\system\CodeIgniter.php(927): App\Controllers\API\Trabajador->delete('2')
#8 C:\xampp\htdocs\hugotequila\system\CodeIgniter.php(482): CodeIgniter\CodeIgniter->runController(Object(App\Controllers\API\Trabajador))
#9 C:\xampp\htdocs\hugotequila\system\CodeIgniter.php(351): CodeIgniter\CodeIgniter->handleRequest(NULL, Object(Config\Cache), false)
#10 C:\xampp\htdocs\hugotequila\public\index.php(67): CodeIgniter\CodeIgniter->run()
#11 C:\xampp\htdocs\hugotequila\system\Commands\Server\rewrite.php(46): require_once('C:\\xampp\\htdocs...')
#12 {main}
ERROR - 2022-11-12 13:42:38 --> mysqli_sql_exception: Cannot delete or update a parent row: a foreign key constraint fails (`tequila`.`venta`, CONSTRAINT `venta_ibfk_1` FOREIGN KEY (`id_trabajador`) REFERENCES `trabajador` (`id`)) in C:\xampp\htdocs\hugotequila\system\Database\MySQLi\Connection.php:292
Stack trace:
#0 C:\xampp\htdocs\hugotequila\system\Database\MySQLi\Connection.php(292): mysqli->query('DELETE FROM `tr...', 0)
#1 C:\xampp\htdocs\hugotequila\system\Database\BaseConnection.php(666): CodeIgniter\Database\MySQLi\Connection->execute('DELETE FROM `tr...')
#2 C:\xampp\htdocs\hugotequila\system\Database\BaseConnection.php(593): CodeIgniter\Database\BaseConnection->simpleQuery('DELETE FROM `tr...')
#3 C:\xampp\htdocs\hugotequila\system\Database\BaseBuilder.php(2391): CodeIgniter\Database\BaseConnection->query('DELETE FROM `tr...', Array, false)
#4 C:\xampp\htdocs\hugotequila\system\Model.php(401): CodeIgniter\Database\BaseBuilder->delete()
#5 C:\xampp\htdocs\hugotequila\system\BaseModel.php(984): CodeIgniter\Model->doDelete(Array, false)
#6 C:\xampp\htdocs\hugotequila\app\Controllers\API\Trabajador.php(71): CodeIgniter\BaseModel->delete(Array)
#7 C:\xampp\htdocs\hugotequila\system\CodeIgniter.php(927): App\Controllers\API\Trabajador->delete('2')
#8 C:\xampp\htdocs\hugotequila\system\CodeIgniter.php(482): CodeIgniter\CodeIgniter->runController(Object(App\Controllers\API\Trabajador))
#9 C:\xampp\htdocs\hugotequila\system\CodeIgniter.php(351): CodeIgniter\CodeIgniter->handleRequest(NULL, Object(Config\Cache), false)
#10 C:\xampp\htdocs\hugotequila\public\index.php(67): CodeIgniter\CodeIgniter->run()
#11 C:\xampp\htdocs\hugotequila\system\Commands\Server\rewrite.php(46): require_once('C:\\xampp\\htdocs...')
#12 {main}
ERROR - 2022-11-12 13:42:41 --> mysqli_sql_exception: Cannot delete or update a parent row: a foreign key constraint fails (`tequila`.`venta`, CONSTRAINT `venta_ibfk_1` FOREIGN KEY (`id_trabajador`) REFERENCES `trabajador` (`id`)) in C:\xampp\htdocs\hugotequila\system\Database\MySQLi\Connection.php:292
Stack trace:
#0 C:\xampp\htdocs\hugotequila\system\Database\MySQLi\Connection.php(292): mysqli->query('DELETE FROM `tr...', 0)
#1 C:\xampp\htdocs\hugotequila\system\Database\BaseConnection.php(666): CodeIgniter\Database\MySQLi\Connection->execute('DELETE FROM `tr...')
#2 C:\xampp\htdocs\hugotequila\system\Database\BaseConnection.php(593): CodeIgniter\Database\BaseConnection->simpleQuery('DELETE FROM `tr...')
#3 C:\xampp\htdocs\hugotequila\system\Database\BaseBuilder.php(2391): CodeIgniter\Database\BaseConnection->query('DELETE FROM `tr...', Array, false)
#4 C:\xampp\htdocs\hugotequila\system\Model.php(401): CodeIgniter\Database\BaseBuilder->delete()
#5 C:\xampp\htdocs\hugotequila\system\BaseModel.php(984): CodeIgniter\Model->doDelete(Array, false)
#6 C:\xampp\htdocs\hugotequila\app\Controllers\API\Trabajador.php(71): CodeIgniter\BaseModel->delete(Array)
#7 C:\xampp\htdocs\hugotequila\system\CodeIgniter.php(927): App\Controllers\API\Trabajador->delete('1')
#8 C:\xampp\htdocs\hugotequila\system\CodeIgniter.php(482): CodeIgniter\CodeIgniter->runController(Object(App\Controllers\API\Trabajador))
#9 C:\xampp\htdocs\hugotequila\system\CodeIgniter.php(351): CodeIgniter\CodeIgniter->handleRequest(NULL, Object(Config\Cache), false)
#10 C:\xampp\htdocs\hugotequila\public\index.php(67): CodeIgniter\CodeIgniter->run()
#11 C:\xampp\htdocs\hugotequila\system\Commands\Server\rewrite.php(46): require_once('C:\\xampp\\htdocs...')
#12 {main}
ERROR - 2022-11-12 13:44:49 --> mysqli_sql_exception: Cannot delete or update a parent row: a foreign key constraint fails (`tequila`.`venta`, CONSTRAINT `venta_ibfk_1` FOREIGN KEY (`id_trabajador`) REFERENCES `trabajador` (`id`)) in C:\xampp\htdocs\hugotequila\system\Database\MySQLi\Connection.php:292
Stack trace:
#0 C:\xampp\htdocs\hugotequila\system\Database\MySQLi\Connection.php(292): mysqli->query('DELETE FROM `tr...', 0)
#1 C:\xampp\htdocs\hugotequila\system\Database\BaseConnection.php(666): CodeIgniter\Database\MySQLi\Connection->execute('DELETE FROM `tr...')
#2 C:\xampp\htdocs\hugotequila\system\Database\BaseConnection.php(593): CodeIgniter\Database\BaseConnection->simpleQuery('DELETE FROM `tr...')
#3 C:\xampp\htdocs\hugotequila\system\Database\BaseBuilder.php(2391): CodeIgniter\Database\BaseConnection->query('DELETE FROM `tr...', Array, false)
#4 C:\xampp\htdocs\hugotequila\system\Model.php(401): CodeIgniter\Database\BaseBuilder->delete()
#5 C:\xampp\htdocs\hugotequila\system\BaseModel.php(984): CodeIgniter\Model->doDelete(Array, false)
#6 C:\xampp\htdocs\hugotequila\app\Controllers\API\Trabajador.php(71): CodeIgniter\BaseModel->delete(Array)
#7 C:\xampp\htdocs\hugotequila\system\CodeIgniter.php(927): App\Controllers\API\Trabajador->delete('2')
#8 C:\xampp\htdocs\hugotequila\system\CodeIgniter.php(482): CodeIgniter\CodeIgniter->runController(Object(App\Controllers\API\Trabajador))
#9 C:\xampp\htdocs\hugotequila\system\CodeIgniter.php(351): CodeIgniter\CodeIgniter->handleRequest(NULL, Object(Config\Cache), false)
#10 C:\xampp\htdocs\hugotequila\public\index.php(67): CodeIgniter\CodeIgniter->run()
#11 C:\xampp\htdocs\hugotequila\system\Commands\Server\rewrite.php(46): require_once('C:\\xampp\\htdocs...')
#12 {main}
ERROR - 2022-11-12 13:44:53 --> mysqli_sql_exception: Cannot delete or update a parent row: a foreign key constraint fails (`tequila`.`venta`, CONSTRAINT `venta_ibfk_1` FOREIGN KEY (`id_trabajador`) REFERENCES `trabajador` (`id`)) in C:\xampp\htdocs\hugotequila\system\Database\MySQLi\Connection.php:292
Stack trace:
#0 C:\xampp\htdocs\hugotequila\system\Database\MySQLi\Connection.php(292): mysqli->query('DELETE FROM `tr...', 0)
#1 C:\xampp\htdocs\hugotequila\system\Database\BaseConnection.php(666): CodeIgniter\Database\MySQLi\Connection->execute('DELETE FROM `tr...')
#2 C:\xampp\htdocs\hugotequila\system\Database\BaseConnection.php(593): CodeIgniter\Database\BaseConnection->simpleQuery('DELETE FROM `tr...')
#3 C:\xampp\htdocs\hugotequila\system\Database\BaseBuilder.php(2391): CodeIgniter\Database\BaseConnection->query('DELETE FROM `tr...', Array, false)
#4 C:\xampp\htdocs\hugotequila\system\Model.php(401): CodeIgniter\Database\BaseBuilder->delete()
#5 C:\xampp\htdocs\hugotequila\system\BaseModel.php(984): CodeIgniter\Model->doDelete(Array, false)
#6 C:\xampp\htdocs\hugotequila\app\Controllers\API\Trabajador.php(71): CodeIgniter\BaseModel->delete(Array)
#7 C:\xampp\htdocs\hugotequila\system\CodeIgniter.php(927): App\Controllers\API\Trabajador->delete('1')
#8 C:\xampp\htdocs\hugotequila\system\CodeIgniter.php(482): CodeIgniter\CodeIgniter->runController(Object(App\Controllers\API\Trabajador))
#9 C:\xampp\htdocs\hugotequila\system\CodeIgniter.php(351): CodeIgniter\CodeIgniter->handleRequest(NULL, Object(Config\Cache), false)
#10 C:\xampp\htdocs\hugotequila\public\index.php(67): CodeIgniter\CodeIgniter->run()
#11 C:\xampp\htdocs\hugotequila\system\Commands\Server\rewrite.php(46): require_once('C:\\xampp\\htdocs...')
#12 {main}
ERROR - 2022-11-12 13:52:00 --> mysqli_sql_exception: Cannot delete or update a parent row: a foreign key constraint fails (`tequila`.`venta`, CONSTRAINT `venta_ibfk_1` FOREIGN KEY (`id_trabajador`) REFERENCES `trabajador` (`id`)) in C:\xampp\htdocs\hugotequila\system\Database\MySQLi\Connection.php:292
Stack trace:
#0 C:\xampp\htdocs\hugotequila\system\Database\MySQLi\Connection.php(292): mysqli->query('DELETE FROM `tr...', 0)
#1 C:\xampp\htdocs\hugotequila\system\Database\BaseConnection.php(666): CodeIgniter\Database\MySQLi\Connection->execute('DELETE FROM `tr...')
#2 C:\xampp\htdocs\hugotequila\system\Database\BaseConnection.php(593): CodeIgniter\Database\BaseConnection->simpleQuery('DELETE FROM `tr...')
#3 C:\xampp\htdocs\hugotequila\system\Database\BaseBuilder.php(2391): CodeIgniter\Database\BaseConnection->query('DELETE FROM `tr...', Array, false)
#4 C:\xampp\htdocs\hugotequila\system\Model.php(401): CodeIgniter\Database\BaseBuilder->delete()
#5 C:\xampp\htdocs\hugotequila\system\BaseModel.php(984): CodeIgniter\Model->doDelete(Array, false)
#6 C:\xampp\htdocs\hugotequila\app\Controllers\API\Trabajador.php(70): CodeIgniter\BaseModel->delete(Array)
#7 C:\xampp\htdocs\hugotequila\system\CodeIgniter.php(927): App\Controllers\API\Trabajador->delete('2')
#8 C:\xampp\htdocs\hugotequila\system\CodeIgniter.php(482): CodeIgniter\CodeIgniter->runController(Object(App\Controllers\API\Trabajador))
#9 C:\xampp\htdocs\hugotequila\system\CodeIgniter.php(351): CodeIgniter\CodeIgniter->handleRequest(NULL, Object(Config\Cache), false)
#10 C:\xampp\htdocs\hugotequila\public\index.php(67): CodeIgniter\CodeIgniter->run()
#11 C:\xampp\htdocs\hugotequila\system\Commands\Server\rewrite.php(46): require_once('C:\\xampp\\htdocs...')
#12 {main}
ERROR - 2022-11-12 13:54:41 --> mysqli_sql_exception: Cannot delete or update a parent row: a foreign key constraint fails (`tequila`.`venta`, CONSTRAINT `venta_ibfk_1` FOREIGN KEY (`id_trabajador`) REFERENCES `trabajador` (`id`)) in C:\xampp\htdocs\hugotequila\system\Database\MySQLi\Connection.php:292
Stack trace:
#0 C:\xampp\htdocs\hugotequila\system\Database\MySQLi\Connection.php(292): mysqli->query('DELETE FROM `tr...', 0)
#1 C:\xampp\htdocs\hugotequila\system\Database\BaseConnection.php(666): CodeIgniter\Database\MySQLi\Connection->execute('DELETE FROM `tr...')
#2 C:\xampp\htdocs\hugotequila\system\Database\BaseConnection.php(593): CodeIgniter\Database\BaseConnection->simpleQuery('DELETE FROM `tr...')
#3 C:\xampp\htdocs\hugotequila\system\Database\BaseBuilder.php(2391): CodeIgniter\Database\BaseConnection->query('DELETE FROM `tr...', Array, false)
#4 C:\xampp\htdocs\hugotequila\system\Model.php(401): CodeIgniter\Database\BaseBuilder->delete()
#5 C:\xampp\htdocs\hugotequila\system\BaseModel.php(984): CodeIgniter\Model->doDelete(Array, false)
#6 C:\xampp\htdocs\hugotequila\app\Controllers\API\Trabajador.php(70): CodeIgniter\BaseModel->delete(Array)
#7 C:\xampp\htdocs\hugotequila\system\CodeIgniter.php(927): App\Controllers\API\Trabajador->delete('2')
#8 C:\xampp\htdocs\hugotequila\system\CodeIgniter.php(482): CodeIgniter\CodeIgniter->runController(Object(App\Controllers\API\Trabajador))
#9 C:\xampp\htdocs\hugotequila\system\CodeIgniter.php(351): CodeIgniter\CodeIgniter->handleRequest(NULL, Object(Config\Cache), false)
#10 C:\xampp\htdocs\hugotequila\public\index.php(67): CodeIgniter\CodeIgniter->run()
#11 C:\xampp\htdocs\hugotequila\system\Commands\Server\rewrite.php(46): require_once('C:\\xampp\\htdocs...')
#12 {main}
ERROR - 2022-11-12 13:54:43 --> mysqli_sql_exception: Cannot delete or update a parent row: a foreign key constraint fails (`tequila`.`venta`, CONSTRAINT `venta_ibfk_1` FOREIGN KEY (`id_trabajador`) REFERENCES `trabajador` (`id`)) in C:\xampp\htdocs\hugotequila\system\Database\MySQLi\Connection.php:292
Stack trace:
#0 C:\xampp\htdocs\hugotequila\system\Database\MySQLi\Connection.php(292): mysqli->query('DELETE FROM `tr...', 0)
#1 C:\xampp\htdocs\hugotequila\system\Database\BaseConnection.php(666): CodeIgniter\Database\MySQLi\Connection->execute('DELETE FROM `tr...')
#2 C:\xampp\htdocs\hugotequila\system\Database\BaseConnection.php(593): CodeIgniter\Database\BaseConnection->simpleQuery('DELETE FROM `tr...')
#3 C:\xampp\htdocs\hugotequila\system\Database\BaseBuilder.php(2391): CodeIgniter\Database\BaseConnection->query('DELETE FROM `tr...', Array, false)
#4 C:\xampp\htdocs\hugotequila\system\Model.php(401): CodeIgniter\Database\BaseBuilder->delete()
#5 C:\xampp\htdocs\hugotequila\system\BaseModel.php(984): CodeIgniter\Model->doDelete(Array, false)
#6 C:\xampp\htdocs\hugotequila\app\Controllers\API\Trabajador.php(70): CodeIgniter\BaseModel->delete(Array)
#7 C:\xampp\htdocs\hugotequila\system\CodeIgniter.php(927): App\Controllers\API\Trabajador->delete('2')
#8 C:\xampp\htdocs\hugotequila\system\CodeIgniter.php(482): CodeIgniter\CodeIgniter->runController(Object(App\Controllers\API\Trabajador))
#9 C:\xampp\htdocs\hugotequila\system\CodeIgniter.php(351): CodeIgniter\CodeIgniter->handleRequest(NULL, Object(Config\Cache), false)
#10 C:\xampp\htdocs\hugotequila\public\index.php(67): CodeIgniter\CodeIgniter->run()
#11 C:\xampp\htdocs\hugotequila\system\Commands\Server\rewrite.php(46): require_once('C:\\xampp\\htdocs...')
#12 {main}
ERROR - 2022-11-12 13:56:13 --> mysqli_sql_exception: Cannot delete or update a parent row: a foreign key constraint fails (`tequila`.`venta`, CONSTRAINT `venta_ibfk_3` FOREIGN KEY (`id_comprador`) REFERENCES `comprador` (`id`)) in C:\xampp\htdocs\hugotequila\system\Database\MySQLi\Connection.php:292
Stack trace:
#0 C:\xampp\htdocs\hugotequila\system\Database\MySQLi\Connection.php(292): mysqli->query('DELETE FROM `co...', 0)
#1 C:\xampp\htdocs\hugotequila\system\Database\BaseConnection.php(666): CodeIgniter\Database\MySQLi\Connection->execute('DELETE FROM `co...')
#2 C:\xampp\htdocs\hugotequila\system\Database\BaseConnection.php(593): CodeIgniter\Database\BaseConnection->simpleQuery('DELETE FROM `co...')
#3 C:\xampp\htdocs\hugotequila\system\Database\BaseBuilder.php(2391): CodeIgniter\Database\BaseConnection->query('DELETE FROM `co...', Array, false)
#4 C:\xampp\htdocs\hugotequila\system\Model.php(401): CodeIgniter\Database\BaseBuilder->delete()
#5 C:\xampp\htdocs\hugotequila\system\BaseModel.php(984): CodeIgniter\Model->doDelete(Array, false)
#6 C:\xampp\htdocs\hugotequila\app\Controllers\API\Comprador.php(71): CodeIgniter\BaseModel->delete(Array)
#7 C:\xampp\htdocs\hugotequila\system\CodeIgniter.php(927): App\Controllers\API\Comprador->delete('2')
#8 C:\xampp\htdocs\hugotequila\system\CodeIgniter.php(482): CodeIgniter\CodeIgniter->runController(Object(App\Controllers\API\Comprador))
#9 C:\xampp\htdocs\hugotequila\system\CodeIgniter.php(351): CodeIgniter\CodeIgniter->handleRequest(NULL, Object(Config\Cache), false)
#10 C:\xampp\htdocs\hugotequila\public\index.php(67): CodeIgniter\CodeIgniter->run()
#11 C:\xampp\htdocs\hugotequila\system\Commands\Server\rewrite.php(46): require_once('C:\\xampp\\htdocs...')
#12 {main}
ERROR - 2022-11-12 13:56:31 --> mysqli_sql_exception: Cannot delete or update a parent row: a foreign key constraint fails (`tequila`.`venta`, CONSTRAINT `venta_ibfk_3` FOREIGN KEY (`id_comprador`) REFERENCES `comprador` (`id`)) in C:\xampp\htdocs\hugotequila\system\Database\MySQLi\Connection.php:292
Stack trace:
#0 C:\xampp\htdocs\hugotequila\system\Database\MySQLi\Connection.php(292): mysqli->query('DELETE FROM `co...', 0)
#1 C:\xampp\htdocs\hugotequila\system\Database\BaseConnection.php(666): CodeIgniter\Database\MySQLi\Connection->execute('DELETE FROM `co...')
#2 C:\xampp\htdocs\hugotequila\system\Database\BaseConnection.php(593): CodeIgniter\Database\BaseConnection->simpleQuery('DELETE FROM `co...')
#3 C:\xampp\htdocs\hugotequila\system\Database\BaseBuilder.php(2391): CodeIgniter\Database\BaseConnection->query('DELETE FROM `co...', Array, false)
#4 C:\xampp\htdocs\hugotequila\system\Model.php(401): CodeIgniter\Database\BaseBuilder->delete()
#5 C:\xampp\htdocs\hugotequila\system\BaseModel.php(984): CodeIgniter\Model->doDelete(Array, false)
#6 C:\xampp\htdocs\hugotequila\app\Controllers\API\Comprador.php(71): CodeIgniter\BaseModel->delete(Array)
#7 C:\xampp\htdocs\hugotequila\system\CodeIgniter.php(927): App\Controllers\API\Comprador->delete('2')
#8 C:\xampp\htdocs\hugotequila\system\CodeIgniter.php(482): CodeIgniter\CodeIgniter->runController(Object(App\Controllers\API\Comprador))
#9 C:\xampp\htdocs\hugotequila\system\CodeIgniter.php(351): CodeIgniter\CodeIgniter->handleRequest(NULL, Object(Config\Cache), false)
#10 C:\xampp\htdocs\hugotequila\public\index.php(67): CodeIgniter\CodeIgniter->run()
#11 C:\xampp\htdocs\hugotequila\system\Commands\Server\rewrite.php(46): require_once('C:\\xampp\\htdocs...')
#12 {main}
ERROR - 2022-11-12 13:56:36 --> mysqli_sql_exception: Cannot delete or update a parent row: a foreign key constraint fails (`tequila`.`venta`, CONSTRAINT `venta_ibfk_3` FOREIGN KEY (`id_comprador`) REFERENCES `comprador` (`id`)) in C:\xampp\htdocs\hugotequila\system\Database\MySQLi\Connection.php:292
Stack trace:
#0 C:\xampp\htdocs\hugotequila\system\Database\MySQLi\Connection.php(292): mysqli->query('DELETE FROM `co...', 0)
#1 C:\xampp\htdocs\hugotequila\system\Database\BaseConnection.php(666): CodeIgniter\Database\MySQLi\Connection->execute('DELETE FROM `co...')
#2 C:\xampp\htdocs\hugotequila\system\Database\BaseConnection.php(593): CodeIgniter\Database\BaseConnection->simpleQuery('DELETE FROM `co...')
#3 C:\xampp\htdocs\hugotequila\system\Database\BaseBuilder.php(2391): CodeIgniter\Database\BaseConnection->query('DELETE FROM `co...', Array, false)
#4 C:\xampp\htdocs\hugotequila\system\Model.php(401): CodeIgniter\Database\BaseBuilder->delete()
#5 C:\xampp\htdocs\hugotequila\system\BaseModel.php(984): CodeIgniter\Model->doDelete(Array, false)
#6 C:\xampp\htdocs\hugotequila\app\Controllers\API\Comprador.php(71): CodeIgniter\BaseModel->delete(Array)
#7 C:\xampp\htdocs\hugotequila\system\CodeIgniter.php(927): App\Controllers\API\Comprador->delete('2')
#8 C:\xampp\htdocs\hugotequila\system\CodeIgniter.php(482): CodeIgniter\CodeIgniter->runController(Object(App\Controllers\API\Comprador))
#9 C:\xampp\htdocs\hugotequila\system\CodeIgniter.php(351): CodeIgniter\CodeIgniter->handleRequest(NULL, Object(Config\Cache), false)
#10 C:\xampp\htdocs\hugotequila\public\index.php(67): CodeIgniter\CodeIgniter->run()
#11 C:\xampp\htdocs\hugotequila\system\Commands\Server\rewrite.php(46): require_once('C:\\xampp\\htdocs...')
#12 {main}
ERROR - 2022-11-12 13:58:03 --> Error connecting to the database: mysqli_sql_exception: No se puede establecer una conexión ya que el equipo de destino denegó expresamente dicha conexión in C:\xampp\htdocs\hugotequila\system\Database\MySQLi\Connection.php:171
Stack trace:
#0 C:\xampp\htdocs\hugotequila\system\Database\MySQLi\Connection.php(171): mysqli->real_connect('localhost', 'root', '', 'tequila', 3306, '', 0)
#1 C:\xampp\htdocs\hugotequila\system\Database\BaseConnection.php(382): CodeIgniter\Database\MySQLi\Connection->connect(false)
#2 C:\xampp\htdocs\hugotequila\system\Database\BaseConnection.php(561): CodeIgniter\Database\BaseConnection->initialize()
#3 C:\xampp\htdocs\hugotequila\system\Database\BaseBuilder.php(1585): CodeIgniter\Database\BaseConnection->query('SELECT *\nFROM `...', Array, false)
#4 C:\xampp\htdocs\hugotequila\system\Model.php(223): CodeIgniter\Database\BaseBuilder->get()
#5 C:\xampp\htdocs\hugotequila\system\BaseModel.php(585): CodeIgniter\Model->doFindAll(0, 0)
#6 C:\xampp\htdocs\hugotequila\app\Controllers\API\Comprador.php(18): CodeIgniter\BaseModel->findAll()
#7 C:\xampp\htdocs\hugotequila\system\CodeIgniter.php(927): App\Controllers\API\Comprador->index()
#8 C:\xampp\htdocs\hugotequila\system\CodeIgniter.php(482): CodeIgniter\CodeIgniter->runController(Object(App\Controllers\API\Comprador))
#9 C:\xampp\htdocs\hugotequila\system\CodeIgniter.php(351): CodeIgniter\CodeIgniter->handleRequest(NULL, Object(Config\Cache), false)
#10 C:\xampp\htdocs\hugotequila\public\index.php(67): CodeIgniter\CodeIgniter->run()
#11 C:\xampp\htdocs\hugotequila\system\Commands\Server\rewrite.php(46): require_once('C:\\xampp\\htdocs...')
#12 {main}

Next CodeIgniter\Database\Exceptions\DatabaseException: No se puede establecer una conexión ya que el equipo de destino denegó expresamente dicha conexión in C:\xampp\htdocs\hugotequila\system\Database\MySQLi\Connection.php:215
Stack trace:
#0 C:\xampp\htdocs\hugotequila\system\Database\BaseConnection.php(382): CodeIgniter\Database\MySQLi\Connection->connect(false)
#1 C:\xampp\htdocs\hugotequila\system\Database\BaseConnection.php(561): CodeIgniter\Database\BaseConnection->initialize()
#2 C:\xampp\htdocs\hugotequila\system\Database\BaseBuilder.php(1585): CodeIgniter\Database\BaseConnection->query('SELECT *\nFROM `...', Array, false)
#3 C:\xampp\htdocs\hugotequila\system\Model.php(223): CodeIgniter\Database\BaseBuilder->get()
#4 C:\xampp\htdocs\hugotequila\system\BaseModel.php(585): CodeIgniter\Model->doFindAll(0, 0)
#5 C:\xampp\htdocs\hugotequila\app\Controllers\API\Comprador.php(18): CodeIgniter\BaseModel->findAll()
#6 C:\xampp\htdocs\hugotequila\system\CodeIgniter.php(927): App\Controllers\API\Comprador->index()
#7 C:\xampp\htdocs\hugotequila\system\CodeIgniter.php(482): CodeIgniter\CodeIgniter->runController(Object(App\Controllers\API\Comprador))
#8 C:\xampp\htdocs\hugotequila\system\CodeIgniter.php(351): CodeIgniter\CodeIgniter->handleRequest(NULL, Object(Config\Cache), false)
#9 C:\xampp\htdocs\hugotequila\public\index.php(67): CodeIgniter\CodeIgniter->run()
#10 C:\xampp\htdocs\hugotequila\system\Commands\Server\rewrite.php(46): require_once('C:\\xampp\\htdocs...')
#11 {main}
CRITICAL - 2022-11-12 13:58:03 --> Unable to connect to the database.
Main connection [MySQLi]: No se puede establecer una conexión ya que el equipo de destino denegó expresamente dicha conexión
in SYSTEMPATH\Database\BaseConnection.php on line 418.
 1 SYSTEMPATH\Database\BaseConnection.php(561): CodeIgniter\Database\BaseConnection->initialize()
 2 SYSTEMPATH\Database\BaseBuilder.php(1585): CodeIgniter\Database\BaseConnection->query('SELECT *
FROM `comprador`', [], false)
 3 SYSTEMPATH\Model.php(223): CodeIgniter\Database\BaseBuilder->get()
 4 SYSTEMPATH\BaseModel.php(585): CodeIgniter\Model->doFindAll(0, 0)
 5 APPPATH\Controllers\API\Comprador.php(18): CodeIgniter\BaseModel->findAll()
 6 SYSTEMPATH\CodeIgniter.php(927): App\Controllers\API\Comprador->index()
 7 SYSTEMPATH\CodeIgniter.php(482): CodeIgniter\CodeIgniter->runController(Object(App\Controllers\API\Comprador))
 8 SYSTEMPATH\CodeIgniter.php(351): CodeIgniter\CodeIgniter->handleRequest(null, Object(Config\Cache), false)
 9 FCPATH\index.php(67): CodeIgniter\CodeIgniter->run()
10 SYSTEMPATH\Commands\Server\rewrite.php(46): require_once('FCPATH\\index.php')
ERROR - 2022-11-12 13:59:01 --> mysqli_sql_exception: Cannot delete or update a parent row: a foreign key constraint fails (`tequila`.`venta`, CONSTRAINT `venta_ibfk_3` FOREIGN KEY (`id_comprador`) REFERENCES `comprador` (`id`)) in C:\xampp\htdocs\hugotequila\system\Database\MySQLi\Connection.php:292
Stack trace:
#0 C:\xampp\htdocs\hugotequila\system\Database\MySQLi\Connection.php(292): mysqli->query('DELETE FROM `co...', 0)
#1 C:\xampp\htdocs\hugotequila\system\Database\BaseConnection.php(666): CodeIgniter\Database\MySQLi\Connection->execute('DELETE FROM `co...')
#2 C:\xampp\htdocs\hugotequila\system\Database\BaseConnection.php(593): CodeIgniter\Database\BaseConnection->simpleQuery('DELETE FROM `co...')
#3 C:\xampp\htdocs\hugotequila\system\Database\BaseBuilder.php(2391): CodeIgniter\Database\BaseConnection->query('DELETE FROM `co...', Array, false)
#4 C:\xampp\htdocs\hugotequila\system\Model.php(401): CodeIgniter\Database\BaseBuilder->delete()
#5 C:\xampp\htdocs\hugotequila\system\BaseModel.php(984): CodeIgniter\Model->doDelete(Array, false)
#6 C:\xampp\htdocs\hugotequila\app\Controllers\API\Comprador.php(71): CodeIgniter\BaseModel->delete(Array)
#7 C:\xampp\htdocs\hugotequila\system\CodeIgniter.php(927): App\Controllers\API\Comprador->delete('2')
#8 C:\xampp\htdocs\hugotequila\system\CodeIgniter.php(482): CodeIgniter\CodeIgniter->runController(Object(App\Controllers\API\Comprador))
#9 C:\xampp\htdocs\hugotequila\system\CodeIgniter.php(351): CodeIgniter\CodeIgniter->handleRequest(NULL, Object(Config\Cache), false)
#10 C:\xampp\htdocs\hugotequila\public\index.php(67): CodeIgniter\CodeIgniter->run()
#11 C:\xampp\htdocs\hugotequila\system\Commands\Server\rewrite.php(46): require_once('C:\\xampp\\htdocs...')
#12 {main}
ERROR - 2022-11-12 14:31:11 --> mysqli_sql_exception: Cannot add or update a child row: a foreign key constraint fails (`tequila`.`venta`, CONSTRAINT `venta_ibfk_1` FOREIGN KEY (`id_trabajador`) REFERENCES `trabajador` (`id`)) in C:\xampp\htdocs\hugotequila\system\Database\MySQLi\Connection.php:292
Stack trace:
#0 C:\xampp\htdocs\hugotequila\system\Database\MySQLi\Connection.php(292): mysqli->query('INSERT INTO `ve...', 0)
#1 C:\xampp\htdocs\hugotequila\system\Database\BaseConnection.php(666): CodeIgniter\Database\MySQLi\Connection->execute('INSERT INTO `ve...')
#2 C:\xampp\htdocs\hugotequila\system\Database\BaseConnection.php(593): CodeIgniter\Database\BaseConnection->simpleQuery('INSERT INTO `ve...')
#3 C:\xampp\htdocs\hugotequila\system\Database\BaseBuilder.php(1916): CodeIgniter\Database\BaseConnection->query('INSERT INTO `ve...', Array, false)
#4 C:\xampp\htdocs\hugotequila\system\Model.php(279): CodeIgniter\Database\BaseBuilder->insert()
#5 C:\xampp\htdocs\hugotequila\system\BaseModel.php(749): CodeIgniter\Model->doInsert(Array)
#6 C:\xampp\htdocs\hugotequila\system\Model.php(667): CodeIgniter\BaseModel->insert(Array, true)
#7 C:\xampp\htdocs\hugotequila\app\Controllers\API\Venta.php(27): CodeIgniter\Model->insert(Object(stdClass))
#8 C:\xampp\htdocs\hugotequila\system\CodeIgniter.php(927): App\Controllers\API\Venta->create()
#9 C:\xampp\htdocs\hugotequila\system\CodeIgniter.php(482): CodeIgniter\CodeIgniter->runController(Object(App\Controllers\API\Venta))
#10 C:\xampp\htdocs\hugotequila\system\CodeIgniter.php(351): CodeIgniter\CodeIgniter->handleRequest(NULL, Object(Config\Cache), false)
#11 C:\xampp\htdocs\hugotequila\public\index.php(67): CodeIgniter\CodeIgniter->run()
#12 C:\xampp\htdocs\hugotequila\system\Commands\Server\rewrite.php(46): require_once('C:\\xampp\\htdocs...')
#13 {main}
